<?xml version="1.0" encoding="UTF-8"?>
<!-- Generated by org.testng.reporters.JUnitXMLReporter -->
<testsuite ignored="0" hostname="DESKTOP-J7DNQ9P" failures="1" tests="1" name="Test" time="12.723" errors="0" timestamp="2023-11-20T15:07:40 IST">
  <testcase classname="TestNGfRAMEWORK.ExtentReportsExamplesTestcase" name="Login" time="1.667">
    <failure type="java.lang.AssertionError" message="expected [Adactin.com - Search Hotel11] but found [Adactin.com - Search Hotel]">
      <![CDATA[java.lang.AssertionError: expected [Adactin.com - Search Hotel11] but found [Adactin.com - Search Hotel]
at TestNGfRAMEWORK.ExtentReportsExamplesTestcase.Login(ExtentReportsExamplesTestcase.java:34)
at java.base/java.util.ArrayList.forEach(ArrayList.java:1541)
... Removed 33 stack frames]]>
    </failure>
  </testcase> <!-- Login -->
</testsuite> <!-- Test -->
